<?xml version="1.0" encoding="utf-8"?>
<log version="1.0" tool="runtool">

<msg id="1" tool="runtool">
  <type>log-start</type>
  <arg>2014/09/07 14:48:47</arg>
</msg>
<msg id="2" tool="runtool">
  <type>collector-starts</type>
</msg>
<msg id="3" tool="runtool">
  <type>marker-file</type>
  <arg>E:\Documents and Settings\bob\Visual Studio 2012\Projects\PicSeeNav\PicSeeNav\My Inspector XE Results - PicSeeNav\r000ti1\r000ti1.inspxe</arg>
</msg>
<msg id="4" tool="tc">
  <type>START</type>
  <severity>INFO</severity>
  <timestamp>Sun Sep 07 14:48:50 2014</timestamp>
</msg>
<msg id="5" tool="tc">
  <type>EXEC_OF_INTEREST</type>
  <arg>e:\documents and settings\bob\visual studio 2012\projects\picseenav\picseenav\bin\debug\picseenav.exe</arg>
  <arg>7952</arg>
  <severity>INFO</severity>
  <timestamp>Sun Sep 07 14:48:51 2014</timestamp>
</msg>
<msg id="6" tool="tc">
  <type>LOAD_MODULE</type>
  <arg>e:\documents and settings\bob\visual studio 2012\projects\picseenav\picseenav\bin\debug\picseenav.exe</arg>
  <arg>0x01270000</arg>
  <arg>0x01281FFF</arg>
  <severity>INFO</severity>
  <timestamp>Sun Sep 07 14:48:51 2014</timestamp>
</msg>
<msg id="7" tool="tc">
  <type>LOAD_MODULE</type>
  <arg>c:\windows\system32\apphelp.dll</arg>
  <arg>0x70790000</arg>
  <arg>0x707DBFFF</arg>
  <severity>INFO</severity>
  <timestamp>Sun Sep 07 14:48:51 2014</timestamp>
</msg>
<msg id="8" tool="tc">
  <type>LOAD_MODULE</type>
  <arg>c:\windows\system32\mscoree.dll</arg>
  <arg>0x72300000</arg>
  <arg>0x72349FFF</arg>
  <severity>INFO</severity>
  <timestamp>Sun Sep 07 14:48:51 2014</timestamp>
</msg>
<msg id="9" tool="tc">
  <type>LOAD_MODULE</type>
  <arg>c:\windows\syswow64\cryptbase.dll</arg>
  <arg>0x748D0000</arg>
  <arg>0x748DBFFF</arg>
  <severity>INFO</severity>
  <timestamp>Sun Sep 07 14:48:51 2014</timestamp>
</msg>
<msg id="10" tool="tc">
  <type>LOAD_MODULE</type>
  <arg>c:\windows\syswow64\sspicli.dll</arg>
  <arg>0x748E0000</arg>
  <arg>0x7493FFFF</arg>
  <severity>INFO</severity>
  <timestamp>Sun Sep 07 14:48:51 2014</timestamp>
</msg>
<msg id="11" tool="tc">
  <type>LOAD_MODULE</type>
  <arg>c:\windows\syswow64\advapi32.dll</arg>
  <arg>0x74950000</arg>
  <arg>0x749EFFFF</arg>
  <severity>INFO</severity>
  <timestamp>Sun Sep 07 14:48:51 2014</timestamp>
</msg>
<msg id="12" tool="tc">
  <type>LOAD_MODULE</type>
  <arg>c:\windows\syswow64\msctf.dll</arg>
  <arg>0x74BC0000</arg>
  <arg>0x74C8BFFF</arg>
  <severity>INFO</severity>
  <timestamp>Sun Sep 07 14:48:51 2014</timestamp>
</msg>
<msg id="13" tool="tc">
  <type>LOAD_MODULE</type>
  <arg>c:\windows\syswow64\msvcrt.dll</arg>
  <arg>0x74C90000</arg>
  <arg>0x74D3BFFF</arg>
  <severity>INFO</severity>
  <timestamp>Sun Sep 07 14:48:51 2014</timestamp>
</msg>
<msg id="14" tool="tc">
  <type>LOAD_MODULE</type>
  <arg>c:\windows\system32\imm32.dll</arg>
  <arg>0x74DA0000</arg>
  <arg>0x74DFFFFF</arg>
  <severity>INFO</severity>
  <timestamp>Sun Sep 07 14:48:51 2014</timestamp>
</msg>
<msg id="15" tool="tc">
  <type>LOAD_MODULE</type>
  <arg>c:\windows\syswow64\rpcrt4.dll</arg>
  <arg>0x74E00000</arg>
  <arg>0x74EEFFFF</arg>
  <severity>INFO</severity>
  <timestamp>Sun Sep 07 14:48:51 2014</timestamp>
</msg>
<msg id="16" tool="tc">
  <type>LOAD_MODULE</type>
  <arg>c:\windows\syswow64\kernel32.dll</arg>
  <arg>0x75640000</arg>
  <arg>0x7574FFFF</arg>
  <severity>INFO</severity>
  <timestamp>Sun Sep 07 14:48:51 2014</timestamp>
</msg>
<msg id="17" tool="tc">
  <type>LOAD_MODULE</type>
  <arg>c:\windows\syswow64\usp10.dll</arg>
  <arg>0x75960000</arg>
  <arg>0x759FCFFF</arg>
  <severity>INFO</severity>
  <timestamp>Sun Sep 07 14:48:51 2014</timestamp>
</msg>
<msg id="18" tool="tc">
  <type>LOAD_MODULE</type>
  <arg>c:\windows\syswow64\lpk.dll</arg>
  <arg>0x766B0000</arg>
  <arg>0x766B9FFF</arg>
  <severity>INFO</severity>
  <timestamp>Sun Sep 07 14:48:51 2014</timestamp>
</msg>
<msg id="19" tool="tc">
  <type>LOAD_MODULE</type>
  <arg>c:\windows\syswow64\kernelbase.dll</arg>
  <arg>0x76720000</arg>
  <arg>0x76766FFF</arg>
  <severity>INFO</severity>
  <timestamp>Sun Sep 07 14:48:51 2014</timestamp>
</msg>
<msg id="20" tool="tc">
  <type>LOAD_MODULE</type>
  <arg>c:\windows\syswow64\sechost.dll</arg>
  <arg>0x76810000</arg>
  <arg>0x76828FFF</arg>
  <severity>INFO</severity>
  <timestamp>Sun Sep 07 14:48:51 2014</timestamp>
</msg>
<msg id="21" tool="tc">
  <type>LOAD_MODULE</type>
  <arg>c:\windows\syswow64\user32.dll</arg>
  <arg>0x76830000</arg>
  <arg>0x7692FFFF</arg>
  <severity>INFO</severity>
  <timestamp>Sun Sep 07 14:48:51 2014</timestamp>
</msg>
<msg id="22" tool="tc">
  <type>LOAD_MODULE</type>
  <arg>c:\windows\syswow64\gdi32.dll</arg>
  <arg>0x76930000</arg>
  <arg>0x769BFFFF</arg>
  <severity>INFO</severity>
  <timestamp>Sun Sep 07 14:48:51 2014</timestamp>
</msg>
<msg id="23" tool="tc">
  <type>LOAD_MODULE</type>
  <arg>c:\windows\syswow64\ntdll.dll</arg>
  <arg>0x76EE0000</arg>
  <arg>0x7705FFFF</arg>
  <severity>INFO</severity>
  <timestamp>Sun Sep 07 14:48:51 2014</timestamp>
</msg>
<msg id="24" tool="tc">
  <type>THREADNAME</type>
  <arg>8612</arg>
  <arg>Main Thread</arg>
  <severity>INFO</severity>
  <timestamp>Sun Sep 07 14:48:54 2014</timestamp>
</msg>
<msg id="25" tool="tc">
  <type>HEARTBEAT</type>
  <arg>8612</arg>
  <arg>0</arg>
  <arg>20698</arg>
  <severity>INFO</severity>
  <timestamp>Sun Sep 07 14:48:54 2014</timestamp>
</msg>
<msg id="26" tool="tc">
  <type>LOAD_MODULE</type>
  <arg>c:\windows\syswow64\shlwapi.dll</arg>
  <arg>0x74D40000</arg>
  <arg>0x74D96FFF</arg>
  <severity>INFO</severity>
  <timestamp>Sun Sep 07 14:48:54 2014</timestamp>
</msg>
<msg id="27" tool="tc">
  <type>LOAD_MODULE</type>
  <arg>c:\windows\microsoft.net\framework\v4.0.30319\clr.dll</arg>
  <arg>0x71BC0000</arg>
  <arg>0x7225AFFF</arg>
  <severity>INFO</severity>
  <timestamp>Sun Sep 07 14:48:55 2014</timestamp>
</msg>
<msg id="28" tool="tc">
  <type>HEARTBEAT</type>
  <arg>8612</arg>
  <arg>1</arg>
  <arg>4187</arg>
  <severity>INFO</severity>
  <timestamp>Sun Sep 07 14:48:55 2014</timestamp>
</msg>
<msg id="29" tool="tc">
  <type>HEARTBEAT</type>
  <arg>8612</arg>
  <arg>1</arg>
  <arg>0</arg>
  <severity>INFO</severity>
  <timestamp>Sun Sep 07 14:48:56 2014</timestamp>
</msg>
<msg id="30" tool="tc">
  <type>HEARTBEAT</type>
  <arg>8612</arg>
  <arg>1</arg>
  <arg>0</arg>
  <severity>INFO</severity>
  <timestamp>Sun Sep 07 14:48:57 2014</timestamp>
</msg>
<msg id="31" tool="tc">
  <type>HEARTBEAT</type>
  <arg>8612</arg>
  <arg>1</arg>
  <arg>0</arg>
  <severity>INFO</severity>
  <timestamp>Sun Sep 07 14:48:58 2014</timestamp>
</msg>
<msg id="32" tool="tc">
  <type>HEARTBEAT</type>
  <arg>8612</arg>
  <arg>1</arg>
  <arg>0</arg>
  <severity>INFO</severity>
  <timestamp>Sun Sep 07 14:48:59 2014</timestamp>
</msg>
<msg id="33" tool="tc">
  <type>HEARTBEAT</type>
  <arg>8612</arg>
  <arg>1</arg>
  <arg>0</arg>
  <severity>INFO</severity>
  <timestamp>Sun Sep 07 14:49:00 2014</timestamp>
</msg>
<msg id="34" tool="tc">
  <type>HEARTBEAT</type>
  <arg>8612</arg>
  <arg>1</arg>
  <arg>0</arg>
  <severity>INFO</severity>
  <timestamp>Sun Sep 07 14:49:01 2014</timestamp>
</msg>
<msg id="35" tool="tc">
  <type>HEARTBEAT</type>
  <arg>8612</arg>
  <arg>1</arg>
  <arg>0</arg>
  <severity>INFO</severity>
  <timestamp>Sun Sep 07 14:49:02 2014</timestamp>
</msg>
<msg id="36" tool="tc">
  <type>HEARTBEAT</type>
  <arg>8612</arg>
  <arg>1</arg>
  <arg>0</arg>
  <severity>INFO</severity>
  <timestamp>Sun Sep 07 14:49:03 2014</timestamp>
</msg>
<msg id="37" tool="tc">
  <type>HEARTBEAT</type>
  <arg>8612</arg>
  <arg>1</arg>
  <arg>0</arg>
  <severity>INFO</severity>
  <timestamp>Sun Sep 07 14:49:04 2014</timestamp>
</msg>
<msg id="38" tool="tc">
  <type>HEARTBEAT</type>
  <arg>8612</arg>
  <arg>1</arg>
  <arg>0</arg>
  <severity>INFO</severity>
  <timestamp>Sun Sep 07 14:49:05 2014</timestamp>
</msg>
<msg id="39" tool="tc">
  <type>HEARTBEAT</type>
  <arg>8612</arg>
  <arg>1</arg>
  <arg>0</arg>
  <severity>INFO</severity>
  <timestamp>Sun Sep 07 14:49:06 2014</timestamp>
</msg>
<msg id="40" tool="tc">
  <type>HEARTBEAT</type>
  <arg>8612</arg>
  <arg>1</arg>
  <arg>0</arg>
  <severity>INFO</severity>
  <timestamp>Sun Sep 07 14:49:07 2014</timestamp>
</msg>
<msg id="41" tool="tc">
  <type>HEARTBEAT</type>
  <arg>8612</arg>
  <arg>1</arg>
  <arg>0</arg>
  <severity>INFO</severity>
  <timestamp>Sun Sep 07 14:49:08 2014</timestamp>
</msg>
<msg id="42" tool="tc">
  <type>HEARTBEAT</type>
  <arg>8612</arg>
  <arg>1</arg>
  <arg>0</arg>
  <severity>INFO</severity>
  <timestamp>Sun Sep 07 14:49:09 2014</timestamp>
</msg>
<msg id="43" tool="tc">
  <type>HEARTBEAT</type>
  <arg>8612</arg>
  <arg>1</arg>
  <arg>0</arg>
  <severity>INFO</severity>
  <timestamp>Sun Sep 07 14:49:10 2014</timestamp>
</msg>
<msg id="44" tool="tc">
  <type>HEARTBEAT</type>
  <arg>8612</arg>
  <arg>1</arg>
  <arg>0</arg>
  <severity>INFO</severity>
  <timestamp>Sun Sep 07 14:49:11 2014</timestamp>
</msg>
<msg id="45" tool="tc">
  <type>HEARTBEAT</type>
  <arg>8612</arg>
  <arg>1</arg>
  <arg>0</arg>
  <severity>INFO</severity>
  <timestamp>Sun Sep 07 14:49:12 2014</timestamp>
</msg>
<msg id="46" tool="tc">
  <type>HEARTBEAT</type>
  <arg>8612</arg>
  <arg>1</arg>
  <arg>0</arg>
  <severity>INFO</severity>
  <timestamp>Sun Sep 07 14:49:13 2014</timestamp>
</msg>
<msg id="47" tool="tc">
  <type>HEARTBEAT</type>
  <arg>8612</arg>
  <arg>1</arg>
  <arg>0</arg>
  <severity>INFO</severity>
  <timestamp>Sun Sep 07 14:49:14 2014</timestamp>
</msg>
<msg id="48" tool="tc">
  <type>HEARTBEAT</type>
  <arg>8612</arg>
  <arg>1</arg>
  <arg>0</arg>
  <severity>INFO</severity>
  <timestamp>Sun Sep 07 14:49:15 2014</timestamp>
</msg>
<msg id="49" tool="tc">
  <type>HEARTBEAT</type>
  <arg>8612</arg>
  <arg>1</arg>
  <arg>0</arg>
  <severity>INFO</severity>
  <timestamp>Sun Sep 07 14:49:16 2014</timestamp>
</msg>
<msg id="50" tool="tc">
  <type>HEARTBEAT</type>
  <arg>8612</arg>
  <arg>1</arg>
  <arg>0</arg>
  <severity>INFO</severity>
  <timestamp>Sun Sep 07 14:49:17 2014</timestamp>
</msg>
<msg id="51" tool="tc">
  <type>LOAD_MODULE</type>
  <arg>c:\windows\system32\msvcr110_clr0400.dll</arg>
  <arg>0x71AE0000</arg>
  <arg>0x71BB2FFF</arg>
  <severity>INFO</severity>
  <timestamp>Sun Sep 07 14:49:17 2014</timestamp>
</msg>
<msg id="52" tool="tc">
  <type>HEARTBEAT</type>
  <arg>8612</arg>
  <arg>0</arg>
  <arg>8363</arg>
  <severity>INFO</severity>
  <timestamp>Sun Sep 07 14:49:18 2014</timestamp>
</msg>
<msg id="53" tool="tc">
  <type>HEARTBEAT</type>
  <arg>8612</arg>
  <arg>0</arg>
  <arg>32766</arg>
  <severity>INFO</severity>
  <timestamp>Sun Sep 07 14:49:19 2014</timestamp>
</msg>
<msg id="54" tool="tc">
  <type>LOAD_MODULE</type>
  <arg>c:\windows\syswow64\ole32.dll</arg>
  <arg>0x74A20000</arg>
  <arg>0x74B7BFFF</arg>
  <severity>INFO</severity>
  <timestamp>Sun Sep 07 14:49:20 2014</timestamp>
</msg>
<msg id="55" tool="tc">
  <type>HEARTBEAT</type>
  <arg>5832,8612</arg>
  <arg>0,0</arg>
  <arg>783,8447</arg>
  <severity>INFO</severity>
  <timestamp>Sun Sep 07 14:49:20 2014</timestamp>
</msg>
<msg id="56" tool="tc">
  <type>HEARTBEAT</type>
  <arg>2584,5832,8612</arg>
  <arg>1,1,0</arg>
  <arg>733,1,11369</arg>
  <severity>INFO</severity>
  <timestamp>Sun Sep 07 14:49:21 2014</timestamp>
</msg>
<msg id="57" tool="tc">
  <type>HEARTBEAT</type>
  <arg>2584,5832,8612</arg>
  <arg>1,1,0</arg>
  <arg>0,0,3937</arg>
  <severity>INFO</severity>
  <timestamp>Sun Sep 07 14:49:22 2014</timestamp>
</msg>
<msg id="58" tool="tc">
  <type>HEARTBEAT</type>
  <arg>8920,2584,5832,8612</arg>
  <arg>1,1,1,0</arg>
  <arg>26,0,0,5992</arg>
  <severity>INFO</severity>
  <timestamp>Sun Sep 07 14:49:23 2014</timestamp>
</msg>
<msg id="59" tool="tc">
  <type>HEARTBEAT</type>
  <arg>9020,8920,2584,5832,8612</arg>
  <arg>0,1,1,1,0</arg>
  <arg>2740,0,0,0,4000</arg>
  <severity>INFO</severity>
  <timestamp>Sun Sep 07 14:49:24 2014</timestamp>
</msg>
<msg id="60" tool="tc">
  <type>HEARTBEAT</type>
  <arg>9020,8920,2584,5832,8612</arg>
  <arg>1,1,1,1,0</arg>
  <arg>2120,0,0,0,184317</arg>
  <severity>INFO</severity>
  <timestamp>Sun Sep 07 14:49:25 2014</timestamp>
</msg>
<msg id="61" tool="tc">
  <type>HEARTBEAT</type>
  <arg>9020,8920,2584,5832,8612</arg>
  <arg>1,1,1,1,0</arg>
  <arg>0,0,0,0,5002</arg>
  <severity>INFO</severity>
  <timestamp>Sun Sep 07 14:49:26 2014</timestamp>
</msg>
<msg id="62" tool="tc">
  <type>HEARTBEAT</type>
  <arg>9020,8920,2584,5832,8612</arg>
  <arg>1,1,1,1,0</arg>
  <arg>15,0,0,0,330522</arg>
  <severity>INFO</severity>
  <timestamp>Sun Sep 07 14:49:27 2014</timestamp>
</msg>
<msg id="63" tool="tc">
  <type>LOAD_MODULE</type>
  <arg>c:\windows\system32\version.dll</arg>
  <arg>0x74800000</arg>
  <arg>0x74808FFF</arg>
  <severity>INFO</severity>
  <timestamp>Sun Sep 07 14:49:27 2014</timestamp>
</msg>
<msg id="64" tool="tc">
  <type>HEARTBEAT</type>
  <arg>9020,8920,2584,5832,8612</arg>
  <arg>1,1,1,1,0</arg>
  <arg>0,0,0,0,8853</arg>
  <severity>INFO</severity>
  <timestamp>Sun Sep 07 14:49:28 2014</timestamp>
</msg>
<msg id="65" tool="tc">
  <type>HEARTBEAT</type>
  <arg>9020,8920,2584,5832,8612</arg>
  <arg>1,1,1,1,0</arg>
  <arg>0,0,0,0,38563</arg>
  <severity>INFO</severity>
  <timestamp>Sun Sep 07 14:49:29 2014</timestamp>
</msg>
<msg id="66" tool="tc">
  <type>HEARTBEAT</type>
  <arg>9020,8920,2584,5832,8612</arg>
  <arg>1,1,1,1,0</arg>
  <arg>0,0,0,0,536454</arg>
  <severity>INFO</severity>
  <timestamp>Sun Sep 07 14:49:30 2014</timestamp>
</msg>
<msg id="67" tool="tc">
  <type>HEARTBEAT</type>
  <arg>9020,8920,2584,5832,8612</arg>
  <arg>1,1,1,1,0</arg>
  <arg>0,0,0,0,850245</arg>
  <severity>INFO</severity>
  <timestamp>Sun Sep 07 14:49:31 2014</timestamp>
</msg>
<msg id="68" tool="tc">
  <type>LOAD_MODULE</type>
  <arg>c:\windows\system32\uxtheme.dll</arg>
  <arg>0x69890000</arg>
  <arg>0x6990FFFF</arg>
  <severity>INFO</severity>
  <timestamp>Sun Sep 07 14:49:32 2014</timestamp>
</msg>
<msg id="69" tool="tc">
  <type>HEARTBEAT</type>
  <arg>9020,8920,2584,5832,8612</arg>
  <arg>1,1,1,1,0</arg>
  <arg>0,0,0,0,18213</arg>
  <severity>INFO</severity>
  <timestamp>Sun Sep 07 14:49:32 2014</timestamp>
</msg>
<msg id="70" tool="tc">
  <type>LOAD_MODULE</type>
  <arg>c:\programdata\tencent\tsvulfw\tsvulfw.dat</arg>
  <arg>0x731A0000</arg>
  <arg>0x73242FFF</arg>
  <severity>INFO</severity>
  <timestamp>Sun Sep 07 14:49:32 2014</timestamp>
</msg>
<msg id="71" tool="tc">
  <type>LOAD_MODULE</type>
  <arg>c:\windows\syswow64\ws2_32.dll</arg>
  <arg>0x766C0000</arg>
  <arg>0x766F4FFF</arg>
  <severity>INFO</severity>
  <timestamp>Sun Sep 07 14:49:33 2014</timestamp>
</msg>
<msg id="72" tool="tc">
  <type>LOAD_MODULE</type>
  <arg>c:\windows\syswow64\nsi.dll</arg>
  <arg>0x76770000</arg>
  <arg>0x76775FFF</arg>
  <severity>INFO</severity>
  <timestamp>Sun Sep 07 14:49:33 2014</timestamp>
</msg>
<msg id="73" tool="tc">
  <type>LOAD_MODULE</type>
  <arg>c:\windows\syswow64\psapi.dll</arg>
  <arg>0x75790000</arg>
  <arg>0x75794FFF</arg>
  <severity>INFO</severity>
  <timestamp>Sun Sep 07 14:49:33 2014</timestamp>
</msg>
<msg id="74" tool="tc">
  <type>LOAD_MODULE</type>
  <arg>c:\windows\syswow64\shell32.dll</arg>
  <arg>0x75A60000</arg>
  <arg>0x766A9FFF</arg>
  <severity>INFO</severity>
  <timestamp>Sun Sep 07 14:49:33 2014</timestamp>
</msg>
<msg id="75" tool="tc">
  <type>LOAD_MODULE</type>
  <arg>c:\windows\syswow64\oleaut32.dll</arg>
  <arg>0x76780000</arg>
  <arg>0x7680EFFF</arg>
  <severity>INFO</severity>
  <timestamp>Sun Sep 07 14:49:33 2014</timestamp>
</msg>
<msg id="76" tool="tc">
  <type>HEARTBEAT</type>
  <arg>9020,8920,2584,5832,8612</arg>
  <arg>1,1,1,1,0</arg>
  <arg>0,0,0,0,23580</arg>
  <severity>INFO</severity>
  <timestamp>Sun Sep 07 14:49:33 2014</timestamp>
</msg>
<msg id="77" tool="tc">
  <type>HEARTBEAT</type>
  <arg>9020,8920,2584,5832,8612</arg>
  <arg>1,1,1,1,0</arg>
  <arg>0,0,0,0,11311</arg>
  <severity>INFO</severity>
  <timestamp>Sun Sep 07 14:49:34 2014</timestamp>
</msg>
<msg id="78" tool="tc">
  <type>HEARTBEAT</type>
  <arg>9020,8920,2584,5832,8612</arg>
  <arg>1,1,1,1,0</arg>
  <arg>0,0,0,0,15971</arg>
  <severity>INFO</severity>
  <timestamp>Sun Sep 07 14:49:35 2014</timestamp>
</msg>
<msg id="79" tool="tc">
  <type>LOAD_MODULE</type>
  <arg>c:\program files (x86)\ati technologies\hydravision\hydradmh.dll</arg>
  <arg>0x73BA0000</arg>
  <arg>0x73BC8FFF</arg>
  <severity>INFO</severity>
  <timestamp>Sun Sep 07 14:49:35 2014</timestamp>
</msg>
<msg id="80" tool="tc">
  <type>LOAD_MODULE</type>
  <arg>c:\windows\system32\msvcr110.dll</arg>
  <arg>0x73AC0000</arg>
  <arg>0x73B95FFF</arg>
  <severity>INFO</severity>
  <timestamp>Sun Sep 07 14:49:35 2014</timestamp>
</msg>
<msg id="81" tool="tc">
  <type>HEARTBEAT</type>
  <arg>9020,8920,2584,5832,8612</arg>
  <arg>1,1,1,1,0</arg>
  <arg>148,0,0,0,8392</arg>
  <severity>INFO</severity>
  <timestamp>Sun Sep 07 14:49:36 2014</timestamp>
</msg>
<msg id="82" tool="tc">
  <type>HEARTBEAT</type>
  <arg>9020,8920,2584,5832,8612</arg>
  <arg>1,1,1,1,0</arg>
  <arg>182,0,0,0,261994</arg>
  <severity>INFO</severity>
  <timestamp>Sun Sep 07 14:49:37 2014</timestamp>
</msg>
<msg id="83" tool="tc">
  <type>HEARTBEAT</type>
  <arg>9020,8920,2584,5832,8612</arg>
  <arg>1,1,1,1,0</arg>
  <arg>0,0,0,0,24783</arg>
  <severity>INFO</severity>
  <timestamp>Sun Sep 07 14:49:38 2014</timestamp>
</msg>
<msg id="84" tool="tc">
  <type>HEARTBEAT</type>
  <arg>9020,8920,2584,5832,8612</arg>
  <arg>1,1,1,1,0</arg>
  <arg>15,0,0,0,108778</arg>
  <severity>INFO</severity>
  <timestamp>Sun Sep 07 14:49:39 2014</timestamp>
</msg>
<msg id="85" tool="tc">
  <type>HEARTBEAT</type>
  <arg>9020,8920,2584,5832,8612</arg>
  <arg>1,1,1,1,0</arg>
  <arg>0,0,0,0,191709</arg>
  <severity>INFO</severity>
  <timestamp>Sun Sep 07 14:49:40 2014</timestamp>
</msg>
<msg id="86" tool="tc">
  <type>HEARTBEAT</type>
  <arg>9020,8920,2584,5832,8612</arg>
  <arg>1,1,1,1,0</arg>
  <arg>0,0,0,0,853284</arg>
  <severity>INFO</severity>
  <timestamp>Sun Sep 07 14:49:41 2014</timestamp>
</msg>
<msg id="87" tool="tc">
  <type>HEARTBEAT</type>
  <arg>9020,8920,2584,5832,8612</arg>
  <arg>1,1,1,1,0</arg>
  <arg>0,0,0,0,185411</arg>
  <severity>INFO</severity>
  <timestamp>Sun Sep 07 14:49:42 2014</timestamp>
</msg>
<msg id="88" tool="tc">
  <type>HEARTBEAT</type>
  <arg>9020,8920,2584,5832,8612</arg>
  <arg>1,1,1,1,0</arg>
  <arg>0,0,0,0,671822</arg>
  <severity>INFO</severity>
  <timestamp>Sun Sep 07 14:49:43 2014</timestamp>
</msg>
<msg id="89" tool="tc">
  <type>HEARTBEAT</type>
  <arg>9020,8920,2584,5832,8612</arg>
  <arg>1,1,1,1,0</arg>
  <arg>0,0,0,0,763249</arg>
  <severity>INFO</severity>
  <timestamp>Sun Sep 07 14:49:44 2014</timestamp>
</msg>
<msg id="90" tool="tc">
  <type>HEARTBEAT</type>
  <arg>9020,8920,2584,5832,8612</arg>
  <arg>1,1,1,1,0</arg>
  <arg>0,0,0,0,516805</arg>
  <severity>INFO</severity>
  <timestamp>Sun Sep 07 14:49:45 2014</timestamp>
</msg>
<msg id="91" tool="tc">
  <type>HEARTBEAT</type>
  <arg>9020,8920,2584,5832,8612</arg>
  <arg>1,1,1,1,0</arg>
  <arg>0,0,0,0,1427122</arg>
  <severity>INFO</severity>
  <timestamp>Sun Sep 07 14:49:46 2014</timestamp>
</msg>
<msg id="92" tool="tc">
  <type>HEARTBEAT</type>
  <arg>9020,8920,2584,5832,8612</arg>
  <arg>1,1,1,1,0</arg>
  <arg>0,0,0,0,939157</arg>
  <severity>INFO</severity>
  <timestamp>Sun Sep 07 14:49:47 2014</timestamp>
</msg>
<msg id="93" tool="tc">
  <type>HEARTBEAT</type>
  <arg>9020,8920,2584,5832,8612</arg>
  <arg>1,1,1,1,0</arg>
  <arg>0,0,0,0,607952</arg>
  <severity>INFO</severity>
  <timestamp>Sun Sep 07 14:49:48 2014</timestamp>
</msg>
<msg id="94" tool="tc">
  <type>HEARTBEAT</type>
  <arg>9020,8920,2584,5832,8612</arg>
  <arg>1,1,1,1,0</arg>
  <arg>0,0,0,0,604929</arg>
  <severity>INFO</severity>
  <timestamp>Sun Sep 07 14:49:49 2014</timestamp>
</msg>
<msg id="95" tool="tc">
  <type>HEARTBEAT</type>
  <arg>9020,8920,2584,5832,8612</arg>
  <arg>1,1,1,1,0</arg>
  <arg>0,0,0,0,703806</arg>
  <severity>INFO</severity>
  <timestamp>Sun Sep 07 14:49:50 2014</timestamp>
</msg>
<msg id="96" tool="tc">
  <type>HEARTBEAT</type>
  <arg>9020,8920,2584,5832,8612</arg>
  <arg>1,1,1,1,0</arg>
  <arg>0,0,0,0,563319</arg>
  <severity>INFO</severity>
  <timestamp>Sun Sep 07 14:49:51 2014</timestamp>
</msg>
<msg id="97" tool="tc">
  <type>HEARTBEAT</type>
  <arg>9020,8920,2584,5832,8612</arg>
  <arg>1,1,1,1,0</arg>
  <arg>0,0,0,0,1398620</arg>
  <severity>INFO</severity>
  <timestamp>Sun Sep 07 14:49:52 2014</timestamp>
</msg>
<msg id="98" tool="tc">
  <type>HEARTBEAT</type>
  <arg>8332,5740,8656,9020,8920,2584,5832,8612</arg>
  <arg>1,1,1,1,1,1,1,0</arg>
  <arg>1446,1569,1500,0,16,0,0,384191</arg>
  <severity>INFO</severity>
  <timestamp>Sun Sep 07 14:49:53 2014</timestamp>
</msg>
<msg id="99" tool="tc">
  <type>HEARTBEAT</type>
  <arg>8332,5740,8656,9020,8920,2584,5832,8612</arg>
  <arg>1,1,1,1,1,1,1,0</arg>
  <arg>0,0,0,0,0,0,0,447242</arg>
  <severity>INFO</severity>
  <timestamp>Sun Sep 07 14:49:54 2014</timestamp>
</msg>
<msg id="100" tool="tc">
  <type>HEARTBEAT</type>
  <arg>8332,5740,8656,9020,8920,2584,5832,8612</arg>
  <arg>1,1,1,1,1,1,1,0</arg>
  <arg>0,0,0,0,0,0,0,343851</arg>
  <severity>INFO</severity>
  <timestamp>Sun Sep 07 14:49:55 2014</timestamp>
</msg>
<msg id="101" tool="tc">
  <type>LOAD_MODULE</type>
  <arg>c:\windows\winsxs\x86_microsoft.windows.gdiplus_6595b64144ccf1df_1.1.7601.18455_none_72d576ad8665e853\gdiplus.dll</arg>
  <arg>0x72870000</arg>
  <arg>0x729FFFFF</arg>
  <severity>INFO</severity>
  <timestamp>Sun Sep 07 14:49:55 2014</timestamp>
</msg>
<msg id="102" tool="tc">
  <type>HEARTBEAT</type>
  <arg>8840,8332,5740,8656,9020,8920,2584,5832,8612</arg>
  <arg>1,1,1,1,1,1,1,1,0</arg>
  <arg>3309,0,0,0,0,0,0,0,253194</arg>
  <severity>INFO</severity>
  <timestamp>Sun Sep 07 14:49:56 2014</timestamp>
</msg>
<msg id="103" tool="tc">
  <type>LOAD_MODULE</type>
  <arg>c:\windows\winsxs\x86_microsoft.windows.common-controls_6595b64144ccf1df_5.82.7601.18201_none_ec80f00e8593ece5\comctl32.dll</arg>
  <arg>0x74580000</arg>
  <arg>0x74603FFF</arg>
  <severity>INFO</severity>
  <timestamp>Sun Sep 07 14:49:56 2014</timestamp>
</msg>
<msg id="104" tool="tc">
  <type>HEARTBEAT</type>
  <arg>8840,8332,5740,8656,9020,8920,2584,5832,8612</arg>
  <arg>1,1,1,1,1,1,1,1,0</arg>
  <arg>0,0,0,0,0,0,0,0,452616</arg>
  <severity>INFO</severity>
  <timestamp>Sun Sep 07 14:49:57 2014</timestamp>
</msg>
<msg id="105" tool="tc">
  <type>HEARTBEAT</type>
  <arg>8840,8332,5740,8656,9020,8920,2584,5832,8612</arg>
  <arg>1,1,1,1,1,1,1,1,0</arg>
  <arg>0,0,0,0,0,0,0,0,663300</arg>
  <severity>INFO</severity>
  <timestamp>Sun Sep 07 14:49:58 2014</timestamp>
</msg>
<msg id="106" tool="tc">
  <type>LOAD_MODULE</type>
  <arg>c:\windows\winsxs\x86_microsoft.windows.common-controls_6595b64144ccf1df_6.0.7601.17514_none_41e6975e2bd6f2b2\comctl32.dll</arg>
  <arg>0x6A420000</arg>
  <arg>0x6A5BDFFF</arg>
  <severity>INFO</severity>
  <timestamp>Sun Sep 07 14:49:58 2014</timestamp>
</msg>
<msg id="107" tool="tc">
  <type>HEARTBEAT</type>
  <arg>8840,8332,5740,8656,9020,8920,2584,5832,8612</arg>
  <arg>1,1,1,1,1,1,1,1,0</arg>
  <arg>0,0,0,0,0,0,0,0,391255</arg>
  <severity>INFO</severity>
  <timestamp>Sun Sep 07 14:49:59 2014</timestamp>
</msg>
<msg id="108" tool="tc">
  <type>LOAD_MODULE</type>
  <arg>c:\windows\microsoft.net\framework\v4.0.30319\nlssorting.dll</arg>
  <arg>0x6F420000</arg>
  <arg>0x6F431FFF</arg>
  <severity>INFO</severity>
  <timestamp>Sun Sep 07 14:50:00 2014</timestamp>
</msg>
<msg id="109" tool="tc">
  <type>HEARTBEAT</type>
  <arg>8840,8332,5740,8656,9020,8920,2584,5832,8612</arg>
  <arg>1,1,1,1,1,1,1,1,0</arg>
  <arg>0,0,0,0,0,0,0,0,430727</arg>
  <severity>INFO</severity>
  <timestamp>Sun Sep 07 14:50:00 2014</timestamp>
</msg>
<msg id="110" tool="tc">
  <type>HEARTBEAT</type>
  <arg>8840,8332,5740,8656,9020,8920,2584,5832,8612</arg>
  <arg>1,1,1,1,1,1,1,1,0</arg>
  <arg>0,0,0,0,0,0,0,0,2549702</arg>
  <severity>INFO</severity>
  <timestamp>Sun Sep 07 14:50:01 2014</timestamp>
</msg>
<msg id="111" tool="tc">
  <type>HEARTBEAT</type>
  <arg>8840,8332,5740,8656,9020,8920,2584,5832,8612</arg>
  <arg>1,1,1,1,1,1,1,1,0</arg>
  <arg>0,0,0,0,0,0,0,0,888228</arg>
  <severity>INFO</severity>
  <timestamp>Sun Sep 07 14:50:02 2014</timestamp>
</msg>
<msg id="112" tool="tc">
  <type>LOAD_MODULE</type>
  <arg>c:\windows\system32\cryptsp.dll</arg>
  <arg>0x72720000</arg>
  <arg>0x72735FFF</arg>
  <severity>INFO</severity>
  <timestamp>Sun Sep 07 14:50:03 2014</timestamp>
</msg>
<msg id="113" tool="tc">
  <type>HEARTBEAT</type>
  <arg>8840,8332,5740,8656,9020,8920,2584,5832,8612</arg>
  <arg>1,1,1,1,1,1,1,1,0</arg>
  <arg>0,0,0,0,0,0,0,0,1381025</arg>
  <severity>INFO</severity>
  <timestamp>Sun Sep 07 14:50:03 2014</timestamp>
</msg>
<msg id="114" tool="tc">
  <type>LOAD_MODULE</type>
  <arg>c:\windows\system32\rsaenh.dll</arg>
  <arg>0x726E0000</arg>
  <arg>0x7271AFFF</arg>
  <severity>INFO</severity>
  <timestamp>Sun Sep 07 14:50:03 2014</timestamp>
</msg>
<msg id="115" tool="tc">
  <type>HEARTBEAT</type>
  <arg>8840,8332,5740,8656,9020,8920,2584,5832,8612</arg>
  <arg>1,1,1,1,1,1,1,1,0</arg>
  <arg>0,0,0,0,0,0,0,0,222506</arg>
  <severity>INFO</severity>
  <timestamp>Sun Sep 07 14:50:04 2014</timestamp>
</msg>
<msg id="116" tool="tc">
  <type>HEARTBEAT</type>
  <arg>8840,8332,5740,8656,9020,8920,2584,5832,8612</arg>
  <arg>1,1,1,1,1,1,1,1,0</arg>
  <arg>0,0,0,0,0,0,0,0,938594</arg>
  <severity>INFO</severity>
  <timestamp>Sun Sep 07 14:50:05 2014</timestamp>
</msg>
<msg id="117" tool="tc">
  <type>HEARTBEAT</type>
  <arg>8840,8332,5740,8656,9020,8920,2584,5832,8612</arg>
  <arg>1,1,1,1,1,1,1,1,0</arg>
  <arg>0,0,0,0,0,0,0,0,694620</arg>
  <severity>INFO</severity>
  <timestamp>Sun Sep 07 14:50:06 2014</timestamp>
</msg>
<msg id="118" tool="tc">
  <type>HEARTBEAT</type>
  <arg>8840,8332,5740,8656,9020,8920,2584,5832,8612</arg>
  <arg>1,1,1,1,1,1,1,1,0</arg>
  <arg>0,0,0,0,0,0,0,0,914419</arg>
  <severity>INFO</severity>
  <timestamp>Sun Sep 07 14:50:07 2014</timestamp>
</msg>
<msg id="119" tool="tc">
  <type>HEARTBEAT</type>
  <arg>8840,8332,5740,8656,9020,8920,2584,5832,8612</arg>
  <arg>1,1,1,1,1,1,1,1,0</arg>
  <arg>0,0,0,0,0,0,0,0,883120</arg>
  <severity>INFO</severity>
  <timestamp>Sun Sep 07 14:50:08 2014</timestamp>
</msg>
<msg id="120" tool="tc">
  <type>HEARTBEAT</type>
  <arg>8840,8332,5740,8656,9020,8920,2584,5832,8612</arg>
  <arg>1,1,1,1,1,1,1,1,0</arg>
  <arg>0,0,0,0,0,0,0,0,1477103</arg>
  <severity>INFO</severity>
  <timestamp>Sun Sep 07 14:50:09 2014</timestamp>
</msg>
<msg id="121" tool="tc">
  <type>HEARTBEAT</type>
  <arg>8840,8332,5740,8656,9020,8920,2584,5832,8612</arg>
  <arg>1,1,1,1,1,1,1,1,0</arg>
  <arg>0,0,0,0,0,0,0,0,624404</arg>
  <severity>INFO</severity>
  <timestamp>Sun Sep 07 14:50:10 2014</timestamp>
</msg>
<msg id="122" tool="tc">
  <type>HEARTBEAT</type>
  <arg>8840,8332,5740,8656,9020,8920,2584,5832,8612</arg>
  <arg>1,1,1,1,1,1,1,1,0</arg>
  <arg>0,0,0,0,0,0,0,0,820240</arg>
  <severity>INFO</severity>
  <timestamp>Sun Sep 07 14:50:11 2014</timestamp>
</msg>
<msg id="123" tool="tc">
  <type>HEARTBEAT</type>
  <arg>8840,8332,5740,8656,9020,8920,2584,5832,8612</arg>
  <arg>1,1,1,1,1,1,1,1,0</arg>
  <arg>0,0,0,0,0,0,0,0,711696</arg>
  <severity>INFO</severity>
  <timestamp>Sun Sep 07 14:50:12 2014</timestamp>
</msg>
<msg id="124" tool="tc">
  <type>HEARTBEAT</type>
  <arg>8840,8332,5740,8656,9020,8920,2584,5832,8612</arg>
  <arg>1,1,1,1,1,1,1,1,0</arg>
  <arg>0,0,0,0,0,0,0,0,255048</arg>
  <severity>INFO</severity>
  <timestamp>Sun Sep 07 14:50:13 2014</timestamp>
</msg>
<msg id="125" tool="tc">
  <type>HEARTBEAT</type>
  <arg>8840,8332,5740,8656,9020,8920,2584,5832,8612</arg>
  <arg>1,1,1,1,1,1,1,1,0</arg>
  <arg>0,0,0,0,0,0,0,0,741995</arg>
  <severity>INFO</severity>
  <timestamp>Sun Sep 07 14:50:14 2014</timestamp>
</msg>
<msg id="126" tool="tc">
  <type>LOAD_MODULE</type>
  <arg>c:\windows\system32\dwmapi.dll</arg>
  <arg>0x67970000</arg>
  <arg>0x67982FFF</arg>
  <severity>INFO</severity>
  <timestamp>Sun Sep 07 14:50:15 2014</timestamp>
</msg>
<msg id="127" tool="tc">
  <type>HEARTBEAT</type>
  <arg>8840,8332,5740,8656,9020,8920,2584,5832,8612</arg>
  <arg>1,1,1,1,1,1,1,1,0</arg>
  <arg>0,0,0,0,0,0,0,0,524533</arg>
  <severity>INFO</severity>
  <timestamp>Sun Sep 07 14:50:15 2014</timestamp>
</msg>
<msg id="128" tool="tc">
  <type>HEARTBEAT</type>
  <arg>8840,8332,5740,8656,9020,8920,2584,5832,8612</arg>
  <arg>1,1,1,1,1,1,1,1,0</arg>
  <arg>0,0,0,0,0,0,0,0,2860582</arg>
  <severity>INFO</severity>
  <timestamp>Sun Sep 07 14:50:16 2014</timestamp>
</msg>
<msg id="129" tool="tc">
  <type>HEARTBEAT</type>
  <arg>8840,8332,5740,8656,9020,8920,2584,5832,8612</arg>
  <arg>1,1,1,1,1,1,1,1,0</arg>
  <arg>0,0,0,0,0,0,0,0,697436</arg>
  <severity>INFO</severity>
  <timestamp>Sun Sep 07 14:50:17 2014</timestamp>
</msg>
<msg id="130" tool="runtool">
  <type>app-exit-code</type>
  <arg>1</arg>
</msg>
<msg id="131" tool="runtool">
  <type>marker-file</type>
  <arg>E:\Documents and Settings\bob\Visual Studio 2012\Projects\PicSeeNav\PicSeeNav\My Inspector XE Results - PicSeeNav\r000ti1\r000ti1.inspxe</arg>
</msg>
<msg id="132" tool="runtool">
  <type>collector-canceled</type>
</msg>
<msg id="133" tool="runtool">
  <type>log-end</type>
  <arg>2014/09/07 14:50:21</arg>
</msg>

</log>

