<?xml version="1.0" encoding="utf-8" ?>
<!-- DO NOT EDIT THIS FILE -->

<log version='2.0' source='tcet'>
	<!-- Sampling enabled with the following: -->
	<!--     Budget                              5: -->
	<!--     Overdraft Budget                   75: -->
	<!--     Savings Budget                      2: -->
	<msg id='1' display='false' source='tccore'>
		<type>START</type>
		<severity>INFO</severity>
		<timestamp>Sun Sep 07 14:48:50 2014</timestamp>
	</msg>
	<!-- Launching the .NET Symbol Discovery Server: "C:\Program Files (x86)\Intel\Inspector XE 2013\bin32\tcdnsymserver.exe" 7952 -server_error_log="E:\Documents and Settings\bob\Visual Studio 2012\Projects\PicSeeNav\PicSeeNav\My Inspector XE Results - PicSeeNav\r000ti1\data.0\tcdnsymserver_errors.log" -finder_error_log="E:\Documents and Settings\bob\Visual Studio 2012\Projects\PicSeeNav\PicSeeNav\My Inspector XE Results - PicSeeNav\r000ti1\data.0\tcdnsymfinder_pin_errors.log" -symbol_dir="C:\Users\boblee\AppData\Roaming\Intel\Inspector XE\settings"
 -->
	<!-- Successfully loaded CCRT 12.13.0 at address 56000000 - 560A6000 -->
	<!-- Successfully loaded the TC Analysis Core 7.1.8 at address 57000000 - 570B1000 -->
	<!-- Successfully loaded the TC Instrumentation Engine 7.1.8 at address 55000000 - 55124000 -->
	<!-- This is the instance of interest -->
	<msg id='2' source='tcet'>
		<type>EXEC_OF_INTEREST</type>
		<severity>INFO</severity>
		<timestamp>Sun Sep 07 14:48:51 2014</timestamp>
		<arg name='process'>e:\documents and settings\bob\visual studio 2012\projects\picseenav\picseenav\bin\debug\picseenav.exe</arg>
		<arg name='pid'>7952</arg>
	</msg>
	<msg id='3' source='tcet'>
		<type>LOAD_MODULE</type>
		<severity>INFO</severity>
		<timestamp>Sun Sep 07 14:48:51 2014</timestamp>
		<arg name='module'>e:\documents and settings\bob\visual studio 2012\projects\picseenav\picseenav\bin\debug\picseenav.exe</arg>
		<arg name='basement'>0x01270000</arg>
		<arg name='ceiling'>0x01281FFF</arg>
	</msg>
	<msg id='4' source='tcet'>
		<type>LOAD_MODULE</type>
		<severity>INFO</severity>
		<timestamp>Sun Sep 07 14:48:51 2014</timestamp>
		<arg name='module'>c:\windows\system32\apphelp.dll</arg>
		<arg name='basement'>0x70790000</arg>
		<arg name='ceiling'>0x707DBFFF</arg>
	</msg>
	<msg id='5' source='tcet'>
		<type>LOAD_MODULE</type>
		<severity>INFO</severity>
		<timestamp>Sun Sep 07 14:48:51 2014</timestamp>
		<arg name='module'>c:\windows\system32\mscoree.dll</arg>
		<arg name='basement'>0x72300000</arg>
		<arg name='ceiling'>0x72349FFF</arg>
	</msg>
	<msg id='6' source='tcet'>
		<type>LOAD_MODULE</type>
		<severity>INFO</severity>
		<timestamp>Sun Sep 07 14:48:51 2014</timestamp>
		<arg name='module'>c:\windows\syswow64\cryptbase.dll</arg>
		<arg name='basement'>0x748D0000</arg>
		<arg name='ceiling'>0x748DBFFF</arg>
	</msg>
	<msg id='7' source='tcet'>
		<type>LOAD_MODULE</type>
		<severity>INFO</severity>
		<timestamp>Sun Sep 07 14:48:51 2014</timestamp>
		<arg name='module'>c:\windows\syswow64\sspicli.dll</arg>
		<arg name='basement'>0x748E0000</arg>
		<arg name='ceiling'>0x7493FFFF</arg>
	</msg>
	<msg id='8' source='tcet'>
		<type>LOAD_MODULE</type>
		<severity>INFO</severity>
		<timestamp>Sun Sep 07 14:48:51 2014</timestamp>
		<arg name='module'>c:\windows\syswow64\advapi32.dll</arg>
		<arg name='basement'>0x74950000</arg>
		<arg name='ceiling'>0x749EFFFF</arg>
	</msg>
	<msg id='9' source='tcet'>
		<type>LOAD_MODULE</type>
		<severity>INFO</severity>
		<timestamp>Sun Sep 07 14:48:51 2014</timestamp>
		<arg name='module'>c:\windows\syswow64\msctf.dll</arg>
		<arg name='basement'>0x74BC0000</arg>
		<arg name='ceiling'>0x74C8BFFF</arg>
	</msg>
	<msg id='10' source='tcet'>
		<type>LOAD_MODULE</type>
		<severity>INFO</severity>
		<timestamp>Sun Sep 07 14:48:51 2014</timestamp>
		<arg name='module'>c:\windows\syswow64\msvcrt.dll</arg>
		<arg name='basement'>0x74C90000</arg>
		<arg name='ceiling'>0x74D3BFFF</arg>
	</msg>
	<msg id='11' source='tcet'>
		<type>LOAD_MODULE</type>
		<severity>INFO</severity>
		<timestamp>Sun Sep 07 14:48:51 2014</timestamp>
		<arg name='module'>c:\windows\system32\imm32.dll</arg>
		<arg name='basement'>0x74DA0000</arg>
		<arg name='ceiling'>0x74DFFFFF</arg>
	</msg>
	<msg id='12' source='tcet'>
		<type>LOAD_MODULE</type>
		<severity>INFO</severity>
		<timestamp>Sun Sep 07 14:48:51 2014</timestamp>
		<arg name='module'>c:\windows\syswow64\rpcrt4.dll</arg>
		<arg name='basement'>0x74E00000</arg>
		<arg name='ceiling'>0x74EEFFFF</arg>
	</msg>
	<msg id='13' source='tcet'>
		<type>LOAD_MODULE</type>
		<severity>INFO</severity>
		<timestamp>Sun Sep 07 14:48:51 2014</timestamp>
		<arg name='module'>c:\windows\syswow64\kernel32.dll</arg>
		<arg name='basement'>0x75640000</arg>
		<arg name='ceiling'>0x7574FFFF</arg>
	</msg>
	<msg id='14' source='tcet'>
		<type>LOAD_MODULE</type>
		<severity>INFO</severity>
		<timestamp>Sun Sep 07 14:48:51 2014</timestamp>
		<arg name='module'>c:\windows\syswow64\usp10.dll</arg>
		<arg name='basement'>0x75960000</arg>
		<arg name='ceiling'>0x759FCFFF</arg>
	</msg>
	<msg id='15' source='tcet'>
		<type>LOAD_MODULE</type>
		<severity>INFO</severity>
		<timestamp>Sun Sep 07 14:48:51 2014</timestamp>
		<arg name='module'>c:\windows\syswow64\lpk.dll</arg>
		<arg name='basement'>0x766B0000</arg>
		<arg name='ceiling'>0x766B9FFF</arg>
	</msg>
	<msg id='16' source='tcet'>
		<type>LOAD_MODULE</type>
		<severity>INFO</severity>
		<timestamp>Sun Sep 07 14:48:51 2014</timestamp>
		<arg name='module'>c:\windows\syswow64\kernelbase.dll</arg>
		<arg name='basement'>0x76720000</arg>
		<arg name='ceiling'>0x76766FFF</arg>
	</msg>
	<msg id='17' source='tcet'>
		<type>LOAD_MODULE</type>
		<severity>INFO</severity>
		<timestamp>Sun Sep 07 14:48:51 2014</timestamp>
		<arg name='module'>c:\windows\syswow64\sechost.dll</arg>
		<arg name='basement'>0x76810000</arg>
		<arg name='ceiling'>0x76828FFF</arg>
	</msg>
	<msg id='18' source='tcet'>
		<type>LOAD_MODULE</type>
		<severity>INFO</severity>
		<timestamp>Sun Sep 07 14:48:51 2014</timestamp>
		<arg name='module'>c:\windows\syswow64\user32.dll</arg>
		<arg name='basement'>0x76830000</arg>
		<arg name='ceiling'>0x7692FFFF</arg>
	</msg>
	<msg id='19' source='tcet'>
		<type>LOAD_MODULE</type>
		<severity>INFO</severity>
		<timestamp>Sun Sep 07 14:48:51 2014</timestamp>
		<arg name='module'>c:\windows\syswow64\gdi32.dll</arg>
		<arg name='basement'>0x76930000</arg>
		<arg name='ceiling'>0x769BFFFF</arg>
	</msg>
	<msg id='20' source='tcet'>
		<type>LOAD_MODULE</type>
		<severity>INFO</severity>
		<timestamp>Sun Sep 07 14:48:51 2014</timestamp>
		<arg name='module'>c:\windows\syswow64\ntdll.dll</arg>
		<arg name='basement'>0x76EE0000</arg>
		<arg name='ceiling'>0x7705FFFF</arg>
	</msg>
	<msg id='21' display='false' source='tcet'>
		<type>THREADNAME</type>
		<severity>INFO</severity>
		<timestamp>Sun Sep 07 14:48:54 2014</timestamp>
		<arg name='tid'>8612</arg>
		<arg name='name'>Main Thread</arg>
	</msg>
	<msg id='22' display='false' source='tcet'>
		<type>HEARTBEAT</type>
		<severity>INFO</severity>
		<timestamp>Sun Sep 07 14:48:54 2014</timestamp>
		<arg name='tids'>8612</arg>
		<arg name='syscalls'>0</arg>
		<arg name='calls'>20698</arg>
	</msg>
	<msg id='23' source='tcet'>
		<type>LOAD_MODULE</type>
		<severity>INFO</severity>
		<timestamp>Sun Sep 07 14:48:54 2014</timestamp>
		<arg name='module'>c:\windows\syswow64\shlwapi.dll</arg>
		<arg name='basement'>0x74D40000</arg>
		<arg name='ceiling'>0x74D96FFF</arg>
	</msg>
	<msg id='24' source='tcet'>
		<type>LOAD_MODULE</type>
		<severity>INFO</severity>
		<timestamp>Sun Sep 07 14:48:55 2014</timestamp>
		<arg name='module'>c:\windows\microsoft.net\framework\v4.0.30319\clr.dll</arg>
		<arg name='basement'>0x71BC0000</arg>
		<arg name='ceiling'>0x7225AFFF</arg>
	</msg>
	<msg id='25' display='false' source='tcet'>
		<type>HEARTBEAT</type>
		<severity>INFO</severity>
		<timestamp>Sun Sep 07 14:48:55 2014</timestamp>
		<arg name='tids'>8612</arg>
		<arg name='syscalls'>1</arg>
		<arg name='calls'>4187</arg>
	</msg>
	<msg id='26' display='false' source='tcet'>
		<type>HEARTBEAT</type>
		<severity>INFO</severity>
		<timestamp>Sun Sep 07 14:48:56 2014</timestamp>
		<arg name='tids'>8612</arg>
		<arg name='syscalls'>1</arg>
		<arg name='calls'>0</arg>
	</msg>
	<msg id='27' display='false' source='tcet'>
		<type>HEARTBEAT</type>
		<severity>INFO</severity>
		<timestamp>Sun Sep 07 14:48:57 2014</timestamp>
		<arg name='tids'>8612</arg>
		<arg name='syscalls'>1</arg>
		<arg name='calls'>0</arg>
	</msg>
	<msg id='28' display='false' source='tcet'>
		<type>HEARTBEAT</type>
		<severity>INFO</severity>
		<timestamp>Sun Sep 07 14:48:58 2014</timestamp>
		<arg name='tids'>8612</arg>
		<arg name='syscalls'>1</arg>
		<arg name='calls'>0</arg>
	</msg>
	<msg id='29' display='false' source='tcet'>
		<type>HEARTBEAT</type>
		<severity>INFO</severity>
		<timestamp>Sun Sep 07 14:48:59 2014</timestamp>
		<arg name='tids'>8612</arg>
		<arg name='syscalls'>1</arg>
		<arg name='calls'>0</arg>
	</msg>
	<msg id='30' display='false' source='tcet'>
		<type>HEARTBEAT</type>
		<severity>INFO</severity>
		<timestamp>Sun Sep 07 14:49:00 2014</timestamp>
		<arg name='tids'>8612</arg>
		<arg name='syscalls'>1</arg>
		<arg name='calls'>0</arg>
	</msg>
	<msg id='31' display='false' source='tcet'>
		<type>HEARTBEAT</type>
		<severity>INFO</severity>
		<timestamp>Sun Sep 07 14:49:01 2014</timestamp>
		<arg name='tids'>8612</arg>
		<arg name='syscalls'>1</arg>
		<arg name='calls'>0</arg>
	</msg>
	<msg id='32' display='false' source='tcet'>
		<type>HEARTBEAT</type>
		<severity>INFO</severity>
		<timestamp>Sun Sep 07 14:49:02 2014</timestamp>
		<arg name='tids'>8612</arg>
		<arg name='syscalls'>1</arg>
		<arg name='calls'>0</arg>
	</msg>
	<msg id='33' display='false' source='tcet'>
		<type>HEARTBEAT</type>
		<severity>INFO</severity>
		<timestamp>Sun Sep 07 14:49:03 2014</timestamp>
		<arg name='tids'>8612</arg>
		<arg name='syscalls'>1</arg>
		<arg name='calls'>0</arg>
	</msg>
	<msg id='34' display='false' source='tcet'>
		<type>HEARTBEAT</type>
		<severity>INFO</severity>
		<timestamp>Sun Sep 07 14:49:04 2014</timestamp>
		<arg name='tids'>8612</arg>
		<arg name='syscalls'>1</arg>
		<arg name='calls'>0</arg>
	</msg>
	<msg id='35' display='false' source='tcet'>
		<type>HEARTBEAT</type>
		<severity>INFO</severity>
		<timestamp>Sun Sep 07 14:49:05 2014</timestamp>
		<arg name='tids'>8612</arg>
		<arg name='syscalls'>1</arg>
		<arg name='calls'>0</arg>
	</msg>
	<msg id='36' display='false' source='tcet'>
		<type>HEARTBEAT</type>
		<severity>INFO</severity>
		<timestamp>Sun Sep 07 14:49:06 2014</timestamp>
		<arg name='tids'>8612</arg>
		<arg name='syscalls'>1</arg>
		<arg name='calls'>0</arg>
	</msg>
	<msg id='37' display='false' source='tcet'>
		<type>HEARTBEAT</type>
		<severity>INFO</severity>
		<timestamp>Sun Sep 07 14:49:07 2014</timestamp>
		<arg name='tids'>8612</arg>
		<arg name='syscalls'>1</arg>
		<arg name='calls'>0</arg>
	</msg>
	<msg id='38' display='false' source='tcet'>
		<type>HEARTBEAT</type>
		<severity>INFO</severity>
		<timestamp>Sun Sep 07 14:49:08 2014</timestamp>
		<arg name='tids'>8612</arg>
		<arg name='syscalls'>1</arg>
		<arg name='calls'>0</arg>
	</msg>
	<msg id='39' display='false' source='tcet'>
		<type>HEARTBEAT</type>
		<severity>INFO</severity>
		<timestamp>Sun Sep 07 14:49:09 2014</timestamp>
		<arg name='tids'>8612</arg>
		<arg name='syscalls'>1</arg>
		<arg name='calls'>0</arg>
	</msg>
	<msg id='40' display='false' source='tcet'>
		<type>HEARTBEAT</type>
		<severity>INFO</severity>
		<timestamp>Sun Sep 07 14:49:10 2014</timestamp>
		<arg name='tids'>8612</arg>
		<arg name='syscalls'>1</arg>
		<arg name='calls'>0</arg>
	</msg>
	<msg id='41' display='false' source='tcet'>
		<type>HEARTBEAT</type>
		<severity>INFO</severity>
		<timestamp>Sun Sep 07 14:49:11 2014</timestamp>
		<arg name='tids'>8612</arg>
		<arg name='syscalls'>1</arg>
		<arg name='calls'>0</arg>
	</msg>
	<msg id='42' display='false' source='tcet'>
		<type>HEARTBEAT</type>
		<severity>INFO</severity>
		<timestamp>Sun Sep 07 14:49:12 2014</timestamp>
		<arg name='tids'>8612</arg>
		<arg name='syscalls'>1</arg>
		<arg name='calls'>0</arg>
	</msg>
	<msg id='43' display='false' source='tcet'>
		<type>HEARTBEAT</type>
		<severity>INFO</severity>
		<timestamp>Sun Sep 07 14:49:13 2014</timestamp>
		<arg name='tids'>8612</arg>
		<arg name='syscalls'>1</arg>
		<arg name='calls'>0</arg>
	</msg>
	<msg id='44' display='false' source='tcet'>
		<type>HEARTBEAT</type>
		<severity>INFO</severity>
		<timestamp>Sun Sep 07 14:49:14 2014</timestamp>
		<arg name='tids'>8612</arg>
		<arg name='syscalls'>1</arg>
		<arg name='calls'>0</arg>
	</msg>
	<msg id='45' display='false' source='tcet'>
		<type>HEARTBEAT</type>
		<severity>INFO</severity>
		<timestamp>Sun Sep 07 14:49:15 2014</timestamp>
		<arg name='tids'>8612</arg>
		<arg name='syscalls'>1</arg>
		<arg name='calls'>0</arg>
	</msg>
	<msg id='46' display='false' source='tcet'>
		<type>HEARTBEAT</type>
		<severity>INFO</severity>
		<timestamp>Sun Sep 07 14:49:16 2014</timestamp>
		<arg name='tids'>8612</arg>
		<arg name='syscalls'>1</arg>
		<arg name='calls'>0</arg>
	</msg>
	<msg id='47' display='false' source='tcet'>
		<type>HEARTBEAT</type>
		<severity>INFO</severity>
		<timestamp>Sun Sep 07 14:49:17 2014</timestamp>
		<arg name='tids'>8612</arg>
		<arg name='syscalls'>1</arg>
		<arg name='calls'>0</arg>
	</msg>
	<msg id='48' source='tcet'>
		<type>LOAD_MODULE</type>
		<severity>INFO</severity>
		<timestamp>Sun Sep 07 14:49:17 2014</timestamp>
		<arg name='module'>c:\windows\system32\msvcr110_clr0400.dll</arg>
		<arg name='basement'>0x71AE0000</arg>
		<arg name='ceiling'>0x71BB2FFF</arg>
	</msg>
	<msg id='49' display='false' source='tcet'>
		<type>HEARTBEAT</type>
		<severity>INFO</severity>
		<timestamp>Sun Sep 07 14:49:18 2014</timestamp>
		<arg name='tids'>8612</arg>
		<arg name='syscalls'>0</arg>
		<arg name='calls'>8363</arg>
	</msg>
	<msg id='50' display='false' source='tcet'>
		<type>HEARTBEAT</type>
		<severity>INFO</severity>
		<timestamp>Sun Sep 07 14:49:19 2014</timestamp>
		<arg name='tids'>8612</arg>
		<arg name='syscalls'>0</arg>
		<arg name='calls'>32766</arg>
	</msg>
	<msg id='51' source='tcet'>
		<type>LOAD_MODULE</type>
		<severity>INFO</severity>
		<timestamp>Sun Sep 07 14:49:20 2014</timestamp>
		<arg name='module'>c:\windows\syswow64\ole32.dll</arg>
		<arg name='basement'>0x74A20000</arg>
		<arg name='ceiling'>0x74B7BFFF</arg>
	</msg>
	<msg id='52' display='false' source='tcet'>
		<type>HEARTBEAT</type>
		<severity>INFO</severity>
		<timestamp>Sun Sep 07 14:49:20 2014</timestamp>
		<arg name='tids'>5832,8612</arg>
		<arg name='syscalls'>0,0</arg>
		<arg name='calls'>783,8447</arg>
	</msg>
	<msg id='53' display='false' source='tcet'>
		<type>HEARTBEAT</type>
		<severity>INFO</severity>
		<timestamp>Sun Sep 07 14:49:21 2014</timestamp>
		<arg name='tids'>2584,5832,8612</arg>
		<arg name='syscalls'>1,1,0</arg>
		<arg name='calls'>733,1,11369</arg>
	</msg>
	<msg id='54' display='false' source='tcet'>
		<type>HEARTBEAT</type>
		<severity>INFO</severity>
		<timestamp>Sun Sep 07 14:49:22 2014</timestamp>
		<arg name='tids'>2584,5832,8612</arg>
		<arg name='syscalls'>1,1,0</arg>
		<arg name='calls'>0,0,3937</arg>
	</msg>
	<msg id='55' display='false' source='tcet'>
		<type>HEARTBEAT</type>
		<severity>INFO</severity>
		<timestamp>Sun Sep 07 14:49:23 2014</timestamp>
		<arg name='tids'>8920,2584,5832,8612</arg>
		<arg name='syscalls'>1,1,1,0</arg>
		<arg name='calls'>26,0,0,5992</arg>
	</msg>
	<msg id='56' display='false' source='tcet'>
		<type>HEARTBEAT</type>
		<severity>INFO</severity>
		<timestamp>Sun Sep 07 14:49:24 2014</timestamp>
		<arg name='tids'>9020,8920,2584,5832,8612</arg>
		<arg name='syscalls'>0,1,1,1,0</arg>
		<arg name='calls'>2740,0,0,0,4000</arg>
	</msg>
	<msg id='57' display='false' source='tcet'>
		<type>HEARTBEAT</type>
		<severity>INFO</severity>
		<timestamp>Sun Sep 07 14:49:25 2014</timestamp>
		<arg name='tids'>9020,8920,2584,5832,8612</arg>
		<arg name='syscalls'>1,1,1,1,0</arg>
		<arg name='calls'>2120,0,0,0,184317</arg>
	</msg>
	<msg id='58' display='false' source='tcet'>
		<type>HEARTBEAT</type>
		<severity>INFO</severity>
		<timestamp>Sun Sep 07 14:49:26 2014</timestamp>
		<arg name='tids'>9020,8920,2584,5832,8612</arg>
		<arg name='syscalls'>1,1,1,1,0</arg>
		<arg name='calls'>0,0,0,0,5002</arg>
	</msg>
	<msg id='59' display='false' source='tcet'>
		<type>HEARTBEAT</type>
		<severity>INFO</severity>
		<timestamp>Sun Sep 07 14:49:27 2014</timestamp>
		<arg name='tids'>9020,8920,2584,5832,8612</arg>
		<arg name='syscalls'>1,1,1,1,0</arg>
		<arg name='calls'>15,0,0,0,330522</arg>
	</msg>
	<msg id='60' source='tcet'>
		<type>LOAD_MODULE</type>
		<severity>INFO</severity>
		<timestamp>Sun Sep 07 14:49:27 2014</timestamp>
		<arg name='module'>c:\windows\system32\version.dll</arg>
		<arg name='basement'>0x74800000</arg>
		<arg name='ceiling'>0x74808FFF</arg>
	</msg>
	<msg id='61' display='false' source='tcet'>
		<type>HEARTBEAT</type>
		<severity>INFO</severity>
		<timestamp>Sun Sep 07 14:49:28 2014</timestamp>
		<arg name='tids'>9020,8920,2584,5832,8612</arg>
		<arg name='syscalls'>1,1,1,1,0</arg>
		<arg name='calls'>0,0,0,0,8853</arg>
	</msg>
	<msg id='62' display='false' source='tcet'>
		<type>HEARTBEAT</type>
		<severity>INFO</severity>
		<timestamp>Sun Sep 07 14:49:29 2014</timestamp>
		<arg name='tids'>9020,8920,2584,5832,8612</arg>
		<arg name='syscalls'>1,1,1,1,0</arg>
		<arg name='calls'>0,0,0,0,38563</arg>
	</msg>
	<msg id='63' display='false' source='tcet'>
		<type>HEARTBEAT</type>
		<severity>INFO</severity>
		<timestamp>Sun Sep 07 14:49:30 2014</timestamp>
		<arg name='tids'>9020,8920,2584,5832,8612</arg>
		<arg name='syscalls'>1,1,1,1,0</arg>
		<arg name='calls'>0,0,0,0,536454</arg>
	</msg>
	<msg id='64' display='false' source='tcet'>
		<type>HEARTBEAT</type>
		<severity>INFO</severity>
		<timestamp>Sun Sep 07 14:49:31 2014</timestamp>
		<arg name='tids'>9020,8920,2584,5832,8612</arg>
		<arg name='syscalls'>1,1,1,1,0</arg>
		<arg name='calls'>0,0,0,0,850245</arg>
	</msg>
	<msg id='65' source='tcet'>
		<type>LOAD_MODULE</type>
		<severity>INFO</severity>
		<timestamp>Sun Sep 07 14:49:32 2014</timestamp>
		<arg name='module'>c:\windows\system32\uxtheme.dll</arg>
		<arg name='basement'>0x69890000</arg>
		<arg name='ceiling'>0x6990FFFF</arg>
	</msg>
	<msg id='66' display='false' source='tcet'>
		<type>HEARTBEAT</type>
		<severity>INFO</severity>
		<timestamp>Sun Sep 07 14:49:32 2014</timestamp>
		<arg name='tids'>9020,8920,2584,5832,8612</arg>
		<arg name='syscalls'>1,1,1,1,0</arg>
		<arg name='calls'>0,0,0,0,18213</arg>
	</msg>
	<msg id='67' source='tcet'>
		<type>LOAD_MODULE</type>
		<severity>INFO</severity>
		<timestamp>Sun Sep 07 14:49:32 2014</timestamp>
		<arg name='module'>c:\programdata\tencent\tsvulfw\tsvulfw.dat</arg>
		<arg name='basement'>0x731A0000</arg>
		<arg name='ceiling'>0x73242FFF</arg>
	</msg>
	<msg id='68' source='tcet'>
		<type>LOAD_MODULE</type>
		<severity>INFO</severity>
		<timestamp>Sun Sep 07 14:49:33 2014</timestamp>
		<arg name='module'>c:\windows\syswow64\ws2_32.dll</arg>
		<arg name='basement'>0x766C0000</arg>
		<arg name='ceiling'>0x766F4FFF</arg>
	</msg>
	<msg id='69' source='tcet'>
		<type>LOAD_MODULE</type>
		<severity>INFO</severity>
		<timestamp>Sun Sep 07 14:49:33 2014</timestamp>
		<arg name='module'>c:\windows\syswow64\nsi.dll</arg>
		<arg name='basement'>0x76770000</arg>
		<arg name='ceiling'>0x76775FFF</arg>
	</msg>
	<msg id='70' source='tcet'>
		<type>LOAD_MODULE</type>
		<severity>INFO</severity>
		<timestamp>Sun Sep 07 14:49:33 2014</timestamp>
		<arg name='module'>c:\windows\syswow64\psapi.dll</arg>
		<arg name='basement'>0x75790000</arg>
		<arg name='ceiling'>0x75794FFF</arg>
	</msg>
	<msg id='71' source='tcet'>
		<type>LOAD_MODULE</type>
		<severity>INFO</severity>
		<timestamp>Sun Sep 07 14:49:33 2014</timestamp>
		<arg name='module'>c:\windows\syswow64\shell32.dll</arg>
		<arg name='basement'>0x75A60000</arg>
		<arg name='ceiling'>0x766A9FFF</arg>
	</msg>
	<msg id='72' source='tcet'>
		<type>LOAD_MODULE</type>
		<severity>INFO</severity>
		<timestamp>Sun Sep 07 14:49:33 2014</timestamp>
		<arg name='module'>c:\windows\syswow64\oleaut32.dll</arg>
		<arg name='basement'>0x76780000</arg>
		<arg name='ceiling'>0x7680EFFF</arg>
	</msg>
	<msg id='73' display='false' source='tcet'>
		<type>HEARTBEAT</type>
		<severity>INFO</severity>
		<timestamp>Sun Sep 07 14:49:33 2014</timestamp>
		<arg name='tids'>9020,8920,2584,5832,8612</arg>
		<arg name='syscalls'>1,1,1,1,0</arg>
		<arg name='calls'>0,0,0,0,23580</arg>
	</msg>
	<msg id='74' display='false' source='tcet'>
		<type>HEARTBEAT</type>
		<severity>INFO</severity>
		<timestamp>Sun Sep 07 14:49:34 2014</timestamp>
		<arg name='tids'>9020,8920,2584,5832,8612</arg>
		<arg name='syscalls'>1,1,1,1,0</arg>
		<arg name='calls'>0,0,0,0,11311</arg>
	</msg>
	<msg id='75' display='false' source='tcet'>
		<type>HEARTBEAT</type>
		<severity>INFO</severity>
		<timestamp>Sun Sep 07 14:49:35 2014</timestamp>
		<arg name='tids'>9020,8920,2584,5832,8612</arg>
		<arg name='syscalls'>1,1,1,1,0</arg>
		<arg name='calls'>0,0,0,0,15971</arg>
	</msg>
	<msg id='76' source='tcet'>
		<type>LOAD_MODULE</type>
		<severity>INFO</severity>
		<timestamp>Sun Sep 07 14:49:35 2014</timestamp>
		<arg name='module'>c:\program files (x86)\ati technologies\hydravision\hydradmh.dll</arg>
		<arg name='basement'>0x73BA0000</arg>
		<arg name='ceiling'>0x73BC8FFF</arg>
	</msg>
	<msg id='77' source='tcet'>
		<type>LOAD_MODULE</type>
		<severity>INFO</severity>
		<timestamp>Sun Sep 07 14:49:35 2014</timestamp>
		<arg name='module'>c:\windows\system32\msvcr110.dll</arg>
		<arg name='basement'>0x73AC0000</arg>
		<arg name='ceiling'>0x73B95FFF</arg>
	</msg>
	<msg id='78' display='false' source='tcet'>
		<type>HEARTBEAT</type>
		<severity>INFO</severity>
		<timestamp>Sun Sep 07 14:49:36 2014</timestamp>
		<arg name='tids'>9020,8920,2584,5832,8612</arg>
		<arg name='syscalls'>1,1,1,1,0</arg>
		<arg name='calls'>148,0,0,0,8392</arg>
	</msg>
	<msg id='79' display='false' source='tcet'>
		<type>HEARTBEAT</type>
		<severity>INFO</severity>
		<timestamp>Sun Sep 07 14:49:37 2014</timestamp>
		<arg name='tids'>9020,8920,2584,5832,8612</arg>
		<arg name='syscalls'>1,1,1,1,0</arg>
		<arg name='calls'>182,0,0,0,261994</arg>
	</msg>
	<msg id='80' display='false' source='tcet'>
		<type>HEARTBEAT</type>
		<severity>INFO</severity>
		<timestamp>Sun Sep 07 14:49:38 2014</timestamp>
		<arg name='tids'>9020,8920,2584,5832,8612</arg>
		<arg name='syscalls'>1,1,1,1,0</arg>
		<arg name='calls'>0,0,0,0,24783</arg>
	</msg>
	<msg id='81' display='false' source='tcet'>
		<type>HEARTBEAT</type>
		<severity>INFO</severity>
		<timestamp>Sun Sep 07 14:49:39 2014</timestamp>
		<arg name='tids'>9020,8920,2584,5832,8612</arg>
		<arg name='syscalls'>1,1,1,1,0</arg>
		<arg name='calls'>15,0,0,0,108778</arg>
	</msg>
	<msg id='82' display='false' source='tcet'>
		<type>HEARTBEAT</type>
		<severity>INFO</severity>
		<timestamp>Sun Sep 07 14:49:40 2014</timestamp>
		<arg name='tids'>9020,8920,2584,5832,8612</arg>
		<arg name='syscalls'>1,1,1,1,0</arg>
		<arg name='calls'>0,0,0,0,191709</arg>
	</msg>
	<msg id='83' display='false' source='tcet'>
		<type>HEARTBEAT</type>
		<severity>INFO</severity>
		<timestamp>Sun Sep 07 14:49:41 2014</timestamp>
		<arg name='tids'>9020,8920,2584,5832,8612</arg>
		<arg name='syscalls'>1,1,1,1,0</arg>
		<arg name='calls'>0,0,0,0,853284</arg>
	</msg>
	<msg id='84' display='false' source='tcet'>
		<type>HEARTBEAT</type>
		<severity>INFO</severity>
		<timestamp>Sun Sep 07 14:49:42 2014</timestamp>
		<arg name='tids'>9020,8920,2584,5832,8612</arg>
		<arg name='syscalls'>1,1,1,1,0</arg>
		<arg name='calls'>0,0,0,0,185411</arg>
	</msg>
	<msg id='85' display='false' source='tcet'>
		<type>HEARTBEAT</type>
		<severity>INFO</severity>
		<timestamp>Sun Sep 07 14:49:43 2014</timestamp>
		<arg name='tids'>9020,8920,2584,5832,8612</arg>
		<arg name='syscalls'>1,1,1,1,0</arg>
		<arg name='calls'>0,0,0,0,671822</arg>
	</msg>
	<msg id='86' display='false' source='tcet'>
		<type>HEARTBEAT</type>
		<severity>INFO</severity>
		<timestamp>Sun Sep 07 14:49:44 2014</timestamp>
		<arg name='tids'>9020,8920,2584,5832,8612</arg>
		<arg name='syscalls'>1,1,1,1,0</arg>
		<arg name='calls'>0,0,0,0,763249</arg>
	</msg>
	<msg id='87' display='false' source='tcet'>
		<type>HEARTBEAT</type>
		<severity>INFO</severity>
		<timestamp>Sun Sep 07 14:49:45 2014</timestamp>
		<arg name='tids'>9020,8920,2584,5832,8612</arg>
		<arg name='syscalls'>1,1,1,1,0</arg>
		<arg name='calls'>0,0,0,0,516805</arg>
	</msg>
	<msg id='88' display='false' source='tcet'>
		<type>HEARTBEAT</type>
		<severity>INFO</severity>
		<timestamp>Sun Sep 07 14:49:46 2014</timestamp>
		<arg name='tids'>9020,8920,2584,5832,8612</arg>
		<arg name='syscalls'>1,1,1,1,0</arg>
		<arg name='calls'>0,0,0,0,1427122</arg>
	</msg>
	<msg id='89' display='false' source='tcet'>
		<type>HEARTBEAT</type>
		<severity>INFO</severity>
		<timestamp>Sun Sep 07 14:49:47 2014</timestamp>
		<arg name='tids'>9020,8920,2584,5832,8612</arg>
		<arg name='syscalls'>1,1,1,1,0</arg>
		<arg name='calls'>0,0,0,0,939157</arg>
	</msg>
	<msg id='90' display='false' source='tcet'>
		<type>HEARTBEAT</type>
		<severity>INFO</severity>
		<timestamp>Sun Sep 07 14:49:48 2014</timestamp>
		<arg name='tids'>9020,8920,2584,5832,8612</arg>
		<arg name='syscalls'>1,1,1,1,0</arg>
		<arg name='calls'>0,0,0,0,607952</arg>
	</msg>
	<msg id='91' display='false' source='tcet'>
		<type>HEARTBEAT</type>
		<severity>INFO</severity>
		<timestamp>Sun Sep 07 14:49:49 2014</timestamp>
		<arg name='tids'>9020,8920,2584,5832,8612</arg>
		<arg name='syscalls'>1,1,1,1,0</arg>
		<arg name='calls'>0,0,0,0,604929</arg>
	</msg>
	<msg id='92' display='false' source='tcet'>
		<type>HEARTBEAT</type>
		<severity>INFO</severity>
		<timestamp>Sun Sep 07 14:49:50 2014</timestamp>
		<arg name='tids'>9020,8920,2584,5832,8612</arg>
		<arg name='syscalls'>1,1,1,1,0</arg>
		<arg name='calls'>0,0,0,0,703806</arg>
	</msg>
	<msg id='93' display='false' source='tcet'>
		<type>HEARTBEAT</type>
		<severity>INFO</severity>
		<timestamp>Sun Sep 07 14:49:51 2014</timestamp>
		<arg name='tids'>9020,8920,2584,5832,8612</arg>
		<arg name='syscalls'>1,1,1,1,0</arg>
		<arg name='calls'>0,0,0,0,563319</arg>
	</msg>
	<msg id='94' display='false' source='tcet'>
		<type>HEARTBEAT</type>
		<severity>INFO</severity>
		<timestamp>Sun Sep 07 14:49:52 2014</timestamp>
		<arg name='tids'>9020,8920,2584,5832,8612</arg>
		<arg name='syscalls'>1,1,1,1,0</arg>
		<arg name='calls'>0,0,0,0,1398620</arg>
	</msg>
	<msg id='95' display='false' source='tcet'>
		<type>HEARTBEAT</type>
		<severity>INFO</severity>
		<timestamp>Sun Sep 07 14:49:53 2014</timestamp>
		<arg name='tids'>8332,5740,8656,9020,8920,2584,5832,8612</arg>
		<arg name='syscalls'>1,1,1,1,1,1,1,0</arg>
		<arg name='calls'>1446,1569,1500,0,16,0,0,384191</arg>
	</msg>
	<msg id='96' display='false' source='tcet'>
		<type>HEARTBEAT</type>
		<severity>INFO</severity>
		<timestamp>Sun Sep 07 14:49:54 2014</timestamp>
		<arg name='tids'>8332,5740,8656,9020,8920,2584,5832,8612</arg>
		<arg name='syscalls'>1,1,1,1,1,1,1,0</arg>
		<arg name='calls'>0,0,0,0,0,0,0,447242</arg>
	</msg>
	<msg id='97' display='false' source='tcet'>
		<type>HEARTBEAT</type>
		<severity>INFO</severity>
		<timestamp>Sun Sep 07 14:49:55 2014</timestamp>
		<arg name='tids'>8332,5740,8656,9020,8920,2584,5832,8612</arg>
		<arg name='syscalls'>1,1,1,1,1,1,1,0</arg>
		<arg name='calls'>0,0,0,0,0,0,0,343851</arg>
	</msg>
	<msg id='98' source='tcet'>
		<type>LOAD_MODULE</type>
		<severity>INFO</severity>
		<timestamp>Sun Sep 07 14:49:55 2014</timestamp>
		<arg name='module'>c:\windows\winsxs\x86_microsoft.windows.gdiplus_6595b64144ccf1df_1.1.7601.18455_none_72d576ad8665e853\gdiplus.dll</arg>
		<arg name='basement'>0x72870000</arg>
		<arg name='ceiling'>0x729FFFFF</arg>
	</msg>
	<msg id='99' display='false' source='tcet'>
		<type>HEARTBEAT</type>
		<severity>INFO</severity>
		<timestamp>Sun Sep 07 14:49:56 2014</timestamp>
		<arg name='tids'>8840,8332,5740,8656,9020,8920,2584,5832,8612</arg>
		<arg name='syscalls'>1,1,1,1,1,1,1,1,0</arg>
		<arg name='calls'>3309,0,0,0,0,0,0,0,253194</arg>
	</msg>
	<msg id='100' source='tcet'>
		<type>LOAD_MODULE</type>
		<severity>INFO</severity>
		<timestamp>Sun Sep 07 14:49:56 2014</timestamp>
		<arg name='module'>c:\windows\winsxs\x86_microsoft.windows.common-controls_6595b64144ccf1df_5.82.7601.18201_none_ec80f00e8593ece5\comctl32.dll</arg>
		<arg name='basement'>0x74580000</arg>
		<arg name='ceiling'>0x74603FFF</arg>
	</msg>
	<msg id='101' display='false' source='tcet'>
		<type>HEARTBEAT</type>
		<severity>INFO</severity>
		<timestamp>Sun Sep 07 14:49:57 2014</timestamp>
		<arg name='tids'>8840,8332,5740,8656,9020,8920,2584,5832,8612</arg>
		<arg name='syscalls'>1,1,1,1,1,1,1,1,0</arg>
		<arg name='calls'>0,0,0,0,0,0,0,0,452616</arg>
	</msg>
	<msg id='102' display='false' source='tcet'>
		<type>HEARTBEAT</type>
		<severity>INFO</severity>
		<timestamp>Sun Sep 07 14:49:58 2014</timestamp>
		<arg name='tids'>8840,8332,5740,8656,9020,8920,2584,5832,8612</arg>
		<arg name='syscalls'>1,1,1,1,1,1,1,1,0</arg>
		<arg name='calls'>0,0,0,0,0,0,0,0,663300</arg>
	</msg>
	<msg id='103' source='tcet'>
		<type>LOAD_MODULE</type>
		<severity>INFO</severity>
		<timestamp>Sun Sep 07 14:49:58 2014</timestamp>
		<arg name='module'>c:\windows\winsxs\x86_microsoft.windows.common-controls_6595b64144ccf1df_6.0.7601.17514_none_41e6975e2bd6f2b2\comctl32.dll</arg>
		<arg name='basement'>0x6A420000</arg>
		<arg name='ceiling'>0x6A5BDFFF</arg>
	</msg>
	<msg id='104' display='false' source='tcet'>
		<type>HEARTBEAT</type>
		<severity>INFO</severity>
		<timestamp>Sun Sep 07 14:49:59 2014</timestamp>
		<arg name='tids'>8840,8332,5740,8656,9020,8920,2584,5832,8612</arg>
		<arg name='syscalls'>1,1,1,1,1,1,1,1,0</arg>
		<arg name='calls'>0,0,0,0,0,0,0,0,391255</arg>
	</msg>
	<msg id='105' source='tcet'>
		<type>LOAD_MODULE</type>
		<severity>INFO</severity>
		<timestamp>Sun Sep 07 14:50:00 2014</timestamp>
		<arg name='module'>c:\windows\microsoft.net\framework\v4.0.30319\nlssorting.dll</arg>
		<arg name='basement'>0x6F420000</arg>
		<arg name='ceiling'>0x6F431FFF</arg>
	</msg>
	<msg id='106' display='false' source='tcet'>
		<type>HEARTBEAT</type>
		<severity>INFO</severity>
		<timestamp>Sun Sep 07 14:50:00 2014</timestamp>
		<arg name='tids'>8840,8332,5740,8656,9020,8920,2584,5832,8612</arg>
		<arg name='syscalls'>1,1,1,1,1,1,1,1,0</arg>
		<arg name='calls'>0,0,0,0,0,0,0,0,430727</arg>
	</msg>
	<msg id='107' display='false' source='tcet'>
		<type>HEARTBEAT</type>
		<severity>INFO</severity>
		<timestamp>Sun Sep 07 14:50:01 2014</timestamp>
		<arg name='tids'>8840,8332,5740,8656,9020,8920,2584,5832,8612</arg>
		<arg name='syscalls'>1,1,1,1,1,1,1,1,0</arg>
		<arg name='calls'>0,0,0,0,0,0,0,0,2549702</arg>
	</msg>
	<msg id='108' display='false' source='tcet'>
		<type>HEARTBEAT</type>
		<severity>INFO</severity>
		<timestamp>Sun Sep 07 14:50:02 2014</timestamp>
		<arg name='tids'>8840,8332,5740,8656,9020,8920,2584,5832,8612</arg>
		<arg name='syscalls'>1,1,1,1,1,1,1,1,0</arg>
		<arg name='calls'>0,0,0,0,0,0,0,0,888228</arg>
	</msg>
	<msg id='109' source='tcet'>
		<type>LOAD_MODULE</type>
		<severity>INFO</severity>
		<timestamp>Sun Sep 07 14:50:03 2014</timestamp>
		<arg name='module'>c:\windows\system32\cryptsp.dll</arg>
		<arg name='basement'>0x72720000</arg>
		<arg name='ceiling'>0x72735FFF</arg>
	</msg>
	<msg id='110' display='false' source='tcet'>
		<type>HEARTBEAT</type>
		<severity>INFO</severity>
		<timestamp>Sun Sep 07 14:50:03 2014</timestamp>
		<arg name='tids'>8840,8332,5740,8656,9020,8920,2584,5832,8612</arg>
		<arg name='syscalls'>1,1,1,1,1,1,1,1,0</arg>
		<arg name='calls'>0,0,0,0,0,0,0,0,1381025</arg>
	</msg>
	<msg id='111' source='tcet'>
		<type>LOAD_MODULE</type>
		<severity>INFO</severity>
		<timestamp>Sun Sep 07 14:50:03 2014</timestamp>
		<arg name='module'>c:\windows\system32\rsaenh.dll</arg>
		<arg name='basement'>0x726E0000</arg>
		<arg name='ceiling'>0x7271AFFF</arg>
	</msg>
	<msg id='112' display='false' source='tcet'>
		<type>HEARTBEAT</type>
		<severity>INFO</severity>
		<timestamp>Sun Sep 07 14:50:04 2014</timestamp>
		<arg name='tids'>8840,8332,5740,8656,9020,8920,2584,5832,8612</arg>
		<arg name='syscalls'>1,1,1,1,1,1,1,1,0</arg>
		<arg name='calls'>0,0,0,0,0,0,0,0,222506</arg>
	</msg>
	<msg id='113' display='false' source='tcet'>
		<type>HEARTBEAT</type>
		<severity>INFO</severity>
		<timestamp>Sun Sep 07 14:50:05 2014</timestamp>
		<arg name='tids'>8840,8332,5740,8656,9020,8920,2584,5832,8612</arg>
		<arg name='syscalls'>1,1,1,1,1,1,1,1,0</arg>
		<arg name='calls'>0,0,0,0,0,0,0,0,938594</arg>
	</msg>
	<msg id='114' display='false' source='tcet'>
		<type>HEARTBEAT</type>
		<severity>INFO</severity>
		<timestamp>Sun Sep 07 14:50:06 2014</timestamp>
		<arg name='tids'>8840,8332,5740,8656,9020,8920,2584,5832,8612</arg>
		<arg name='syscalls'>1,1,1,1,1,1,1,1,0</arg>
		<arg name='calls'>0,0,0,0,0,0,0,0,694620</arg>
	</msg>
	<msg id='115' display='false' source='tcet'>
		<type>HEARTBEAT</type>
		<severity>INFO</severity>
		<timestamp>Sun Sep 07 14:50:07 2014</timestamp>
		<arg name='tids'>8840,8332,5740,8656,9020,8920,2584,5832,8612</arg>
		<arg name='syscalls'>1,1,1,1,1,1,1,1,0</arg>
		<arg name='calls'>0,0,0,0,0,0,0,0,914419</arg>
	</msg>
	<msg id='116' display='false' source='tcet'>
		<type>HEARTBEAT</type>
		<severity>INFO</severity>
		<timestamp>Sun Sep 07 14:50:08 2014</timestamp>
		<arg name='tids'>8840,8332,5740,8656,9020,8920,2584,5832,8612</arg>
		<arg name='syscalls'>1,1,1,1,1,1,1,1,0</arg>
		<arg name='calls'>0,0,0,0,0,0,0,0,883120</arg>
	</msg>
	<msg id='117' display='false' source='tcet'>
		<type>HEARTBEAT</type>
		<severity>INFO</severity>
		<timestamp>Sun Sep 07 14:50:09 2014</timestamp>
		<arg name='tids'>8840,8332,5740,8656,9020,8920,2584,5832,8612</arg>
		<arg name='syscalls'>1,1,1,1,1,1,1,1,0</arg>
		<arg name='calls'>0,0,0,0,0,0,0,0,1477103</arg>
	</msg>
	<msg id='118' display='false' source='tcet'>
		<type>HEARTBEAT</type>
		<severity>INFO</severity>
		<timestamp>Sun Sep 07 14:50:10 2014</timestamp>
		<arg name='tids'>8840,8332,5740,8656,9020,8920,2584,5832,8612</arg>
		<arg name='syscalls'>1,1,1,1,1,1,1,1,0</arg>
		<arg name='calls'>0,0,0,0,0,0,0,0,624404</arg>
	</msg>
	<msg id='119' display='false' source='tcet'>
		<type>HEARTBEAT</type>
		<severity>INFO</severity>
		<timestamp>Sun Sep 07 14:50:11 2014</timestamp>
		<arg name='tids'>8840,8332,5740,8656,9020,8920,2584,5832,8612</arg>
		<arg name='syscalls'>1,1,1,1,1,1,1,1,0</arg>
		<arg name='calls'>0,0,0,0,0,0,0,0,820240</arg>
	</msg>
	<msg id='120' display='false' source='tcet'>
		<type>HEARTBEAT</type>
		<severity>INFO</severity>
		<timestamp>Sun Sep 07 14:50:12 2014</timestamp>
		<arg name='tids'>8840,8332,5740,8656,9020,8920,2584,5832,8612</arg>
		<arg name='syscalls'>1,1,1,1,1,1,1,1,0</arg>
		<arg name='calls'>0,0,0,0,0,0,0,0,711696</arg>
	</msg>
	<msg id='121' display='false' source='tcet'>
		<type>HEARTBEAT</type>
		<severity>INFO</severity>
		<timestamp>Sun Sep 07 14:50:13 2014</timestamp>
		<arg name='tids'>8840,8332,5740,8656,9020,8920,2584,5832,8612</arg>
		<arg name='syscalls'>1,1,1,1,1,1,1,1,0</arg>
		<arg name='calls'>0,0,0,0,0,0,0,0,255048</arg>
	</msg>
	<msg id='122' display='false' source='tcet'>
		<type>HEARTBEAT</type>
		<severity>INFO</severity>
		<timestamp>Sun Sep 07 14:50:14 2014</timestamp>
		<arg name='tids'>8840,8332,5740,8656,9020,8920,2584,5832,8612</arg>
		<arg name='syscalls'>1,1,1,1,1,1,1,1,0</arg>
		<arg name='calls'>0,0,0,0,0,0,0,0,741995</arg>
	</msg>
	<msg id='123' source='tcet'>
		<type>LOAD_MODULE</type>
		<severity>INFO</severity>
		<timestamp>Sun Sep 07 14:50:15 2014</timestamp>
		<arg name='module'>c:\windows\system32\dwmapi.dll</arg>
		<arg name='basement'>0x67970000</arg>
		<arg name='ceiling'>0x67982FFF</arg>
	</msg>
	<msg id='124' display='false' source='tcet'>
		<type>HEARTBEAT</type>
		<severity>INFO</severity>
		<timestamp>Sun Sep 07 14:50:15 2014</timestamp>
		<arg name='tids'>8840,8332,5740,8656,9020,8920,2584,5832,8612</arg>
		<arg name='syscalls'>1,1,1,1,1,1,1,1,0</arg>
		<arg name='calls'>0,0,0,0,0,0,0,0,524533</arg>
	</msg>
	<msg id='125' display='false' source='tcet'>
		<type>HEARTBEAT</type>
		<severity>INFO</severity>
		<timestamp>Sun Sep 07 14:50:16 2014</timestamp>
		<arg name='tids'>8840,8332,5740,8656,9020,8920,2584,5832,8612</arg>
		<arg name='syscalls'>1,1,1,1,1,1,1,1,0</arg>
		<arg name='calls'>0,0,0,0,0,0,0,0,2860582</arg>
	</msg>
	<msg id='126' display='false' source='tcet'>
		<type>HEARTBEAT</type>
		<severity>INFO</severity>
		<timestamp>Sun Sep 07 14:50:17 2014</timestamp>
		<arg name='tids'>8840,8332,5740,8656,9020,8920,2584,5832,8612</arg>
		<arg name='syscalls'>1,1,1,1,1,1,1,1,0</arg>
		<arg name='calls'>0,0,0,0,0,0,0,0,697436</arg>
	</msg>